# JRE version: Java(TM) SE Runtime Environment (8.0_71-b15) (build 1.8.0_71-b15)
# Java VM: Java HotSpot(TM) 64-Bit Server VM (25.71-b15 mixed mode windows-amd64 compressed oops)
Heap:
 PSYoungGen      total 74752K, used 5099K [0x00000000d6000000, 0x00000000df000000, 0x0000000100000000)
  eden space 64000K, 7% used [0x00000000d6000000,0x00000000d64fac58,0x00000000d9e80000)
  from space 10752K, 0% used [0x00000000da880000,0x00000000da880000,0x00000000db300000)
  to   space 10240K, 0% used [0x00000000d9e80000,0x00000000d9e80000,0x00000000da880000)
 ParOldGen       total 62976K, used 6756K [0x0000000082000000, 0x0000000085d80000, 0x00000000d6000000)
  object space 62976K, 10% used [0x0000000082000000,0x00000000826993f8,0x0000000085d80000)
 Metaspace       used 21223K, capacity 21630K, committed 21936K, reserved 1069056K
  class space    used 3072K, capacity 3235K, committed 3248K, reserved 1048576K
GC Heap History (10 events):
Event: 9.049 GC heap before
{Heap before GC invocations=3 (full 0):
 PSYoungGen      total 70656K, used 70652K [0x00000000d6000000, 0x00000000daa00000, 0x0000000100000000)
  eden space 65536K, 100% used [0x00000000d6000000,0x00000000da000000,0x00000000da000000)
  from space 5120K, 99% used [0x00000000da500000,0x00000000da9ff1a0,0x00000000daa00000)
  to   space 5120K, 0% used [0x00000000da000000,0x00000000da000000,0x00000000da500000)
 ParOldGen       total 86016K, used 2124K [0x0000000082000000, 0x0000000087400000, 0x00000000d6000000)
  object space 86016K, 2% used [0x0000000082000000,0x0000000082213250,0x0000000087400000)
 Metaspace       used 18479K, capacity 18810K, committed 19200K, reserved 1064960K
  class space    used 2620K, capacity 2769K, committed 2816K, reserved 1048576K
Event: 9.066 GC heap after
Heap after GC invocations=3 (full 0):
 PSYoungGen      total 70656K, used 5104K [0x00000000d6000000, 0x00000000daa00000, 0x0000000100000000)
  eden space 65536K, 0% used [0x00000000d6000000,0x00000000d6000000,0x00000000da000000)
  from space 5120K, 99% used [0x00000000da000000,0x00000000da4fc030,0x00000000da500000)
  to   space 5120K, 0% used [0x00000000da500000,0x00000000da500000,0x00000000daa00000)
 ParOldGen       total 86016K, used 7266K [0x0000000082000000, 0x0000000087400000, 0x00000000d6000000)
  object space 86016K, 8% used [0x0000000082000000,0x00000000827189a8,0x0000000087400000)
 Metaspace       used 18479K, capacity 18810K, committed 19200K, reserved 1064960K
  class space    used 2620K, capacity 2769K, committed 2816K, reserved 1048576K
}
Event: 12.482 GC heap before
{Heap before GC invocations=4 (full 0):
 PSYoungGen      total 70656K, used 70640K [0x00000000d6000000, 0x00000000daa00000, 0x0000000100000000)
  eden space 65536K, 100% used [0x00000000d6000000,0x00000000da000000,0x00000000da000000)
  from space 5120K, 99% used [0x00000000da000000,0x00000000da4fc030,0x00000000da500000)
  to   space 5120K, 0% used [0x00000000da500000,0x00000000da500000,0x00000000daa00000)
 ParOldGen       total 86016K, used 7266K [0x0000000082000000, 0x0000000087400000, 0x00000000d6000000)
  object space 86016K, 8% used [0x0000000082000000,0x00000000827189a8,0x0000000087400000)
 Metaspace       used 19765K, capacity 20156K, committed 20352K, reserved 1067008K
  class space    used 2808K, capacity 2938K, committed 2944K, reserved 1048576K
Event: 12.491 GC heap after
Heap after GC invocations=4 (full 0):
 PSYoungGen      total 70656K, used 5120K [0x00000000d6000000, 0x00000000daa00000, 0x0000000100000000)
  eden space 65536K, 0% used [0x00000000d6000000,0x00000000d6000000,0x00000000da000000)
  from space 5120K, 100% used [0x00000000da500000,0x00000000daa00000,0x00000000daa00000)
  to   space 5120K, 0% used [0x00000000da000000,0x00000000da000000,0x00000000da500000)
 ParOldGen       total 86016K, used 9125K [0x0000000082000000, 0x0000000087400000, 0x00000000d6000000)
  object space 86016K, 10% used [0x0000000082000000,0x00000000828e97a0,0x0000000087400000)
 Metaspace       used 19765K, capacity 20156K, committed 20352K, reserved 1067008K
  class space    used 2808K, capacity 2938K, committed 2944K, reserved 1048576K
}
Event: 15.382 GC heap before
{Heap before GC invocations=5 (full 0):
 PSYoungGen      total 70656K, used 70656K [0x00000000d6000000, 0x00000000daa00000, 0x0000000100000000)
  eden space 65536K, 100% used [0x00000000d6000000,0x00000000da000000,0x00000000da000000)
  from space 5120K, 100% used [0x00000000da500000,0x00000000daa00000,0x00000000daa00000)
  to   space 5120K, 0% used [0x00000000da000000,0x00000000da000000,0x00000000da500000)
 ParOldGen       total 86016K, used 9125K [0x0000000082000000, 0x0000000087400000, 0x00000000d6000000)
  object space 86016K, 10% used [0x0000000082000000,0x00000000828e97a0,0x0000000087400000)
 Metaspace       used 19765K, capacity 20156K, committed 20352K, reserved 1067008K
  class space    used 2808K, capacity 2938K, committed 2944K, reserved 1048576K
Event: 15.403 GC heap after
Heap after GC invocations=5 (full 0):
 PSYoungGen      total 68608K, used 5120K [0x00000000d6000000, 0x00000000db300000, 0x0000000100000000)
  eden space 63488K, 0% used [0x00000000d6000000,0x00000000d6000000,0x00000000d9e00000)
  from space 5120K, 100% used [0x00000000da000000,0x00000000da500000,0x00000000da500000)
  to   space 10752K, 0% used [0x00000000da880000,0x00000000da880000,0x00000000db300000)
 ParOldGen       total 86016K, used 9133K [0x0000000082000000, 0x0000000087400000, 0x00000000d6000000)
  object space 86016K, 10% used [0x0000000082000000,0x00000000828eb7a0,0x0000000087400000)
 Metaspace       used 19765K, capacity 20156K, committed 20352K, reserved 1067008K
  class space    used 2808K, capacity 2938K, committed 2944K, reserved 1048576K
}
Event: 17.043 GC heap before
{Heap before GC invocations=6 (full 0):
 PSYoungGen      total 68608K, used 30584K [0x00000000d6000000, 0x00000000db300000, 0x0000000100000000)
  eden space 63488K, 40% used [0x00000000d6000000,0x00000000d78de3d8,0x00000000d9e00000)
  from space 5120K, 100% used [0x00000000da000000,0x00000000da500000,0x00000000da500000)
  to   space 10752K, 0% used [0x00000000da880000,0x00000000da880000,0x00000000db300000)
 ParOldGen       total 86016K, used 9133K [0x0000000082000000, 0x0000000087400000, 0x00000000d6000000)
  object space 86016K, 10% used [0x0000000082000000,0x00000000828eb7a0,0x0000000087400000)
 Metaspace       used 20639K, capacity 21108K, committed 21296K, reserved 1067008K
  class space    used 2935K, capacity 3104K, committed 3120K, reserved 1048576K
Event: 17.152 GC heap after
Heap after GC invocations=6 (full 0):
 PSYoungGen      total 74752K, used 6157K [0x00000000d6000000, 0x00000000df000000, 0x0000000100000000)
  eden space 64000K, 0% used [0x00000000d6000000,0x00000000d6000000,0x00000000d9e80000)
  from space 10752K, 57% used [0x00000000da880000,0x00000000dae83528,0x00000000db300000)
  to   space 10240K, 0% used [0x00000000d9e80000,0x00000000d9e80000,0x00000000da880000)
 ParOldGen       total 86016K, used 9141K [0x0000000082000000, 0x0000000087400000, 0x00000000d6000000)
  object space 86016K, 10% used [0x0000000082000000,0x00000000828ed7a0,0x0000000087400000)
 Metaspace       used 20639K, capacity 21108K, committed 21296K, reserved 1067008K
  class space    used 2935K, capacity 3104K, committed 3120K, reserved 1048576K
}
Event: 17.152 GC heap before
{Heap before GC invocations=7 (full 1):
 PSYoungGen      total 74752K, used 6157K [0x00000000d6000000, 0x00000000df000000, 0x0000000100000000)
  eden space 64000K, 0% used [0x00000000d6000000,0x00000000d6000000,0x00000000d9e80000)
  from space 10752K, 57% used [0x00000000da880000,0x00000000dae83528,0x00000000db300000)
  to   space 10240K, 0% used [0x00000000d9e80000,0x00000000d9e80000,0x00000000da880000)
 ParOldGen       total 86016K, used 9141K [0x0000000082000000, 0x0000000087400000, 0x00000000d6000000)
  object space 86016K, 10% used [0x0000000082000000,0x00000000828ed7a0,0x0000000087400000)
 Metaspace       used 20639K, capacity 21108K, committed 21296K, reserved 1067008K
  class space    used 2935K, capacity 3104K, committed 3120K, reserved 1048576K
Event: 17.587 GC heap after
Heap after GC invocations=7 (full 1):
 PSYoungGen      total 74752K, used 0K [0x00000000d6000000, 0x00000000df000000, 0x0000000100000000)
  eden space 64000K, 0% used [0x00000000d6000000,0x00000000d6000000,0x00000000d9e80000)
  from space 10752K, 0% used [0x00000000da880000,0x00000000da880000,0x00000000db300000)
  to   space 10240K, 0% used [0x00000000d9e80000,0x00000000d9e80000,0x00000000da880000)
 ParOldGen       total 62976K, used 6756K [0x0000000082000000, 0x0000000085d80000, 0x00000000d6000000)
  object space 62976K, 10% used [0x0000000082000000,0x00000000826993f8,0x0000000085d80000)
 Metaspace       used 20639K, capacity 21108K, committed 21296K, reserved 1067008K
  class space    used 2935K, capacity 3104K, committed 3120K, reserved 1048576K
}

