# JRE version: Java(TM) SE Runtime Environment (8.0_71-b15) (build 1.8.0_71-b15)
# Java VM: Java HotSpot(TM) 64-Bit Server VM (25.71-b15 mixed mode windows-amd64 compressed oops)
Heap:
 PSYoungGen      total 139264K, used 5202K [0x00000000d6000000, 0x00000000df100000, 0x0000000100000000)
  eden space 130560K, 3% used [0x00000000d6000000,0x00000000d6514878,0x00000000ddf80000)
  from space 8704K, 0% used [0x00000000ddf80000,0x00000000ddf80000,0x00000000de800000)
  to   space 8192K, 0% used [0x00000000de800000,0x00000000de800000,0x00000000df000000)
 ParOldGen       total 56320K, used 6757K [0x0000000082000000, 0x0000000085700000, 0x00000000d6000000)
  object space 56320K, 11% used [0x0000000082000000,0x00000000826997e0,0x0000000085700000)
 Metaspace       used 21130K, capacity 21566K, committed 21936K, reserved 1069056K
  class space    used 3055K, capacity 3235K, committed 3248K, reserved 1048576K
GC Heap History (10 events):
Event: 9.855 GC heap before
{Heap before GC invocations=4 (full 0):
 PSYoungGen      total 37888K, used 37856K [0x00000000d6000000, 0x00000000daa00000, 0x0000000100000000)
  eden space 32768K, 100% used [0x00000000d6000000,0x00000000d8000000,0x00000000d8000000)
  from space 5120K, 99% used [0x00000000d8000000,0x00000000d84f8020,0x00000000d8500000)
  to   space 5120K, 0% used [0x00000000da500000,0x00000000da500000,0x00000000daa00000)
 ParOldGen       total 86016K, used 4015K [0x0000000082000000, 0x0000000087400000, 0x00000000d6000000)
  object space 86016K, 4% used [0x0000000082000000,0x00000000823ebef8,0x0000000087400000)
 Metaspace       used 18474K, capacity 18810K, committed 19200K, reserved 1064960K
  class space    used 2620K, capacity 2769K, committed 2816K, reserved 1048576K
Event: 9.870 GC heap after
Heap after GC invocations=4 (full 0):
 PSYoungGen      total 70656K, used 5088K [0x00000000d6000000, 0x00000000daa00000, 0x0000000100000000)
  eden space 65536K, 0% used [0x00000000d6000000,0x00000000d6000000,0x00000000da000000)
  from space 5120K, 99% used [0x00000000da500000,0x00000000da9f8020,0x00000000daa00000)
  to   space 5120K, 0% used [0x00000000da000000,0x00000000da000000,0x00000000da500000)
 ParOldGen       total 86016K, used 6460K [0x0000000082000000, 0x0000000087400000, 0x00000000d6000000)
  object space 86016K, 7% used [0x0000000082000000,0x000000008264f028,0x0000000087400000)
 Metaspace       used 18474K, capacity 18810K, committed 19200K, reserved 1064960K
  class space    used 2620K, capacity 2769K, committed 2816K, reserved 1048576K
}
Event: 13.344 GC heap before
{Heap before GC invocations=5 (full 0):
 PSYoungGen      total 70656K, used 70624K [0x00000000d6000000, 0x00000000daa00000, 0x0000000100000000)
  eden space 65536K, 100% used [0x00000000d6000000,0x00000000da000000,0x00000000da000000)
  from space 5120K, 99% used [0x00000000da500000,0x00000000da9f8020,0x00000000daa00000)
  to   space 5120K, 0% used [0x00000000da000000,0x00000000da000000,0x00000000da500000)
 ParOldGen       total 86016K, used 6460K [0x0000000082000000, 0x0000000087400000, 0x00000000d6000000)
  object space 86016K, 7% used [0x0000000082000000,0x000000008264f028,0x0000000087400000)
 Metaspace       used 19767K, capacity 20156K, committed 20352K, reserved 1067008K
  class space    used 2809K, capacity 2938K, committed 2944K, reserved 1048576K
Event: 13.388 GC heap after
Heap after GC invocations=5 (full 0):
 PSYoungGen      total 70656K, used 5088K [0x00000000d6000000, 0x00000000df000000, 0x0000000100000000)
  eden space 65536K, 0% used [0x00000000d6000000,0x00000000d6000000,0x00000000da000000)
  from space 5120K, 99% used [0x00000000da000000,0x00000000da4f8020,0x00000000da500000)
  to   space 8192K, 0% used [0x00000000de800000,0x00000000de800000,0x00000000df000000)
 ParOldGen       total 86016K, used 8417K [0x0000000082000000, 0x0000000087400000, 0x00000000d6000000)
  object space 86016K, 9% used [0x0000000082000000,0x0000000082838540,0x0000000087400000)
 Metaspace       used 19767K, capacity 20156K, committed 20352K, reserved 1067008K
  class space    used 2809K, capacity 2938K, committed 2944K, reserved 1048576K
}
Event: 16.250 GC heap before
{Heap before GC invocations=6 (full 0):
 PSYoungGen      total 70656K, used 70624K [0x00000000d6000000, 0x00000000df000000, 0x0000000100000000)
  eden space 65536K, 100% used [0x00000000d6000000,0x00000000da000000,0x00000000da000000)
  from space 5120K, 99% used [0x00000000da000000,0x00000000da4f8020,0x00000000da500000)
  to   space 8192K, 0% used [0x00000000de800000,0x00000000de800000,0x00000000df000000)
 ParOldGen       total 86016K, used 8417K [0x0000000082000000, 0x0000000087400000, 0x00000000d6000000)
  object space 86016K, 9% used [0x0000000082000000,0x0000000082838540,0x0000000087400000)
 Metaspace       used 19767K, capacity 20156K, committed 20352K, reserved 1067008K
  class space    used 2809K, capacity 2938K, committed 2944K, reserved 1048576K
Event: 16.275 GC heap after
Heap after GC invocations=6 (full 0):
 PSYoungGen      total 138752K, used 5120K [0x00000000d6000000, 0x00000000df100000, 0x0000000100000000)
  eden space 130560K, 0% used [0x00000000d6000000,0x00000000d6000000,0x00000000ddf80000)
  from space 8192K, 62% used [0x00000000de800000,0x00000000ded00020,0x00000000df000000)
  to   space 8704K, 0% used [0x00000000ddf80000,0x00000000ddf80000,0x00000000de800000)
 ParOldGen       total 86016K, used 8425K [0x0000000082000000, 0x0000000087400000, 0x00000000d6000000)
  object space 86016K, 9% used [0x0000000082000000,0x000000008283a540,0x0000000087400000)
 Metaspace       used 19767K, capacity 20156K, committed 20352K, reserved 1067008K
  class space    used 2809K, capacity 2938K, committed 2944K, reserved 1048576K
}
Event: 17.998 GC heap before
{Heap before GC invocations=7 (full 0):
 PSYoungGen      total 138752K, used 31363K [0x00000000d6000000, 0x00000000df100000, 0x0000000100000000)
  eden space 130560K, 20% used [0x00000000d6000000,0x00000000d79a0d80,0x00000000ddf80000)
  from space 8192K, 62% used [0x00000000de800000,0x00000000ded00020,0x00000000df000000)
  to   space 8704K, 0% used [0x00000000ddf80000,0x00000000ddf80000,0x00000000de800000)
 ParOldGen       total 86016K, used 8425K [0x0000000082000000, 0x0000000087400000, 0x00000000d6000000)
  object space 86016K, 9% used [0x0000000082000000,0x000000008283a540,0x0000000087400000)
 Metaspace       used 20644K, capacity 21108K, committed 21296K, reserved 1067008K
  class space    used 2937K, capacity 3104K, committed 3120K, reserved 1048576K
Event: 18.167 GC heap after
Heap after GC invocations=7 (full 0):
 PSYoungGen      total 139264K, used 3613K [0x00000000d6000000, 0x00000000df100000, 0x0000000100000000)
  eden space 130560K, 0% used [0x00000000d6000000,0x00000000d6000000,0x00000000ddf80000)
  from space 8704K, 41% used [0x00000000ddf80000,0x00000000de307538,0x00000000de800000)
  to   space 8192K, 0% used [0x00000000de800000,0x00000000de800000,0x00000000df000000)
 ParOldGen       total 86016K, used 10952K [0x0000000082000000, 0x0000000087400000, 0x00000000d6000000)
  object space 86016K, 12% used [0x0000000082000000,0x0000000082ab22b0,0x0000000087400000)
 Metaspace       used 20644K, capacity 21108K, committed 21296K, reserved 1067008K
  class space    used 2937K, capacity 3104K, committed 3120K, reserved 1048576K
}
Event: 18.167 GC heap before
{Heap before GC invocations=8 (full 1):
 PSYoungGen      total 139264K, used 3613K [0x00000000d6000000, 0x00000000df100000, 0x0000000100000000)
  eden space 130560K, 0% used [0x00000000d6000000,0x00000000d6000000,0x00000000ddf80000)
  from space 8704K, 41% used [0x00000000ddf80000,0x00000000de307538,0x00000000de800000)
  to   space 8192K, 0% used [0x00000000de800000,0x00000000de800000,0x00000000df000000)
 ParOldGen       total 86016K, used 10952K [0x0000000082000000, 0x0000000087400000, 0x00000000d6000000)
  object space 86016K, 12% used [0x0000000082000000,0x0000000082ab22b0,0x0000000087400000)
 Metaspace       used 20644K, capacity 21108K, committed 21296K, reserved 1067008K
  class space    used 2937K, capacity 3104K, committed 3120K, reserved 1048576K
Event: 18.506 GC heap after
Heap after GC invocations=8 (full 1):
 PSYoungGen      total 139264K, used 0K [0x00000000d6000000, 0x00000000df100000, 0x0000000100000000)
  eden space 130560K, 0% used [0x00000000d6000000,0x00000000d6000000,0x00000000ddf80000)
  from space 8704K, 0% used [0x00000000ddf80000,0x00000000ddf80000,0x00000000de800000)
  to   space 8192K, 0% used [0x00000000de800000,0x00000000de800000,0x00000000df000000)
 ParOldGen       total 56320K, used 6757K [0x0000000082000000, 0x0000000085700000, 0x00000000d6000000)
  object space 56320K, 11% used [0x0000000082000000,0x00000000826997e0,0x0000000085700000)
 Metaspace       used 20644K, capacity 21108K, committed 21296K, reserved 1067008K
  class space    used 2937K, capacity 3104K, committed 3120K, reserved 1048576K
}

